<?xml version="1.0" encoding="UTF-8"?>
<!-- Generated by org.testng.reporters.JUnitXMLReporter -->
<testsuite hostname="Lateef-PC" name="Default test" tests="2" failures="0" timestamp="5 Dec 2013 20:07:15 GMT" time="0.036" errors="0">
  <testcase name="login" time="0.013" classname="lateefCodingScripts.CommentNumberCheck">
    <skipped/>
  </testcase> <!-- login -->
  <testcase name="GetNumberOfComments" time="0.001" classname="lateefCodingScripts.CommentNumberCheck">
    <skipped/>
  </testcase> <!-- GetNumberOfComments -->
</testsuite> <!-- Default test -->
