<?xml version="1.0" encoding="UTF-8"?>
<!-- Generated by org.testng.reporters.JUnitXMLReporter -->
<testsuite hostname="Lateef-PC" name="CommentTest" tests="3" failures="0" timestamp="5 Dec 2013 21:39:34 GMT" time="13.513" errors="0">
  <testcase name="login" time="3.14" classname="lateefCodingScripts.CommentNumberCheck"/>
  <testcase name="navigateToTargetLink" time="1.75" classname="lateefCodingScripts.CommentNumberCheck"/>
  <testcase name="GetNumberOfComments" time="0.299" classname="lateefCodingScripts.CommentNumberCheck"/>
</testsuite> <!-- CommentTest -->
