<?xml version="1.0" encoding="UTF-8"?>
<!-- Generated by org.testng.reporters.JUnitXMLReporter -->
<testsuite hostname="Lateef-PC" name="CommentTest" tests="3" failures="0" timestamp="5 Dec 2013 20:45:57 GMT" time="14.634" errors="0">
  <testcase name="login" time="3.413" classname="lateefCodingScripts.CommentNumberCheck"/>
  <testcase name="navigateToTargetLink" time="0.141" classname="lateefCodingScripts.CommentNumberCheck"/>
  <testcase name="GetNumberOfComments" time="1.586" classname="lateefCodingScripts.CommentNumberCheck"/>
</testsuite> <!-- CommentTest -->
