<?xml version="1.0" encoding="UTF-8"?>
<testng-results skipped="0" failed="0" total="3" passed="3">
  <reporter-output>
  </reporter-output>
  <suite name="Default suite" duration-ms="13175" started-at="2013-12-06T22:06:01Z" finished-at="2013-12-06T22:06:14Z">
    <groups>
    </groups>
    <test name="Default test" duration-ms="13175" started-at="2013-12-06T22:06:01Z" finished-at="2013-12-06T22:06:14Z">
      <class name="lateefCodingScripts.CommentNumberCheck">
        <test-method status="PASS" signature="initalize()[pri:0, instance:lateefCodingScripts.CommentNumberCheck@1c48fe36]" name="initalize" is-config="true" duration-ms="6732" started-at="2013-12-06T17:06:01Z" finished-at="2013-12-06T17:06:08Z">
          <reporter-output>
          </reporter-output>
        </test-method> <!-- initalize -->
        <test-method status="PASS" signature="login(java.lang.String, java.lang.String, java.lang.String, java.lang.String)[pri:0, instance:lateefCodingScripts.CommentNumberCheck@1c48fe36]" name="login" duration-ms="2921" started-at="2013-12-06T17:06:08Z" finished-at="2013-12-06T17:06:11Z">
          <params>
            <param index="0">
              <value>
                <![CDATA[test]]>
              </value>
            </param>
            <param index="1">
              <value>
                <![CDATA[user]]>
              </value>
            </param>
            <param index="2">
              <value>
                <![CDATA[anything]]>
              </value>
            </param>
            <param index="3">
              <value>
                <![CDATA[http://10.238.242.37:4000/]]>
              </value>
            </param>
          </params>
          <reporter-output>
          </reporter-output>
        </test-method> <!-- login -->
        <test-method status="PASS" signature="navigateToTargetLink(java.lang.String)[pri:0, instance:lateefCodingScripts.CommentNumberCheck@1c48fe36]" name="navigateToTargetLink" duration-ms="2132" started-at="2013-12-06T17:06:11Z" depends-on-methods="lateefCodingScripts.CommentNumberCheck.login" finished-at="2013-12-06T17:06:13Z">
          <params>
            <param index="0">
              <value>
                <![CDATA[Gold]]>
              </value>
            </param>
          </params>
          <reporter-output>
          </reporter-output>
        </test-method> <!-- navigateToTargetLink -->
        <test-method status="PASS" signature="GetNumberOfComments()[pri:0, instance:lateefCodingScripts.CommentNumberCheck@1c48fe36]" name="GetNumberOfComments" duration-ms="233" started-at="2013-12-06T17:06:13Z" depends-on-methods="lateefCodingScripts.CommentNumberCheck.navigateToTargetLink" finished-at="2013-12-06T17:06:13Z">
          <reporter-output>
          </reporter-output>
        </test-method> <!-- GetNumberOfComments -->
        <test-method status="PASS" signature="allDone()[pri:0, instance:lateefCodingScripts.CommentNumberCheck@1c48fe36]" name="allDone" is-config="true" duration-ms="1135" started-at="2013-12-06T17:06:13Z" finished-at="2013-12-06T17:06:14Z">
          <reporter-output>
          </reporter-output>
        </test-method> <!-- allDone -->
      </class> <!-- lateefCodingScripts.CommentNumberCheck -->
    </test> <!-- Default test -->
  </suite> <!-- Default suite -->
</testng-results>
