<?xml version="1.0" encoding="UTF-8"?>
<testng-results skipped="0" failed="0" total="2" passed="2">
  <reporter-output>
  </reporter-output>
  <suite name="Suite1" duration-ms="11758" started-at="2013-12-06T17:00:38Z" finished-at="2013-12-06T17:00:50Z">
    <groups>
    </groups>
    <test name="CommentTest" duration-ms="11758" started-at="2013-12-06T17:00:38Z" finished-at="2013-12-06T17:00:50Z">
      <class name="lateefCodingScripts.CommentNumberCheck">
        <test-method status="PASS" signature="initalize()[pri:0, instance:lateefCodingScripts.CommentNumberCheck@72d876d9]" name="initalize" is-config="true" duration-ms="7152" started-at="2013-12-06T12:00:38Z" finished-at="2013-12-06T12:00:45Z">
          <reporter-output>
          </reporter-output>
        </test-method> <!-- initalize -->
        <test-method status="PASS" signature="login(java.lang.String, java.lang.String, java.lang.String, java.lang.String)[pri:0, instance:lateefCodingScripts.CommentNumberCheck@72d876d9]" name="login" duration-ms="3245" started-at="2013-12-06T12:00:45Z" finished-at="2013-12-06T12:00:49Z">
          <params>
            <param index="0">
              <value>
                <![CDATA[test]]>
              </value>
            </param>
            <param index="1">
              <value>
                <![CDATA[user]]>
              </value>
            </param>
            <param index="2">
              <value>
                <![CDATA[anything]]>
              </value>
            </param>
            <param index="3">
              <value>
                <![CDATA[http://10.238.242.37:4000/]]>
              </value>
            </param>
          </params>
          <reporter-output>
          </reporter-output>
        </test-method> <!-- login -->
        <test-method status="PASS" signature="navigateToTargetLink()[pri:0, instance:lateefCodingScripts.CommentNumberCheck@72d876d9]" name="navigateToTargetLink" duration-ms="1344" started-at="2013-12-06T12:00:49Z" depends-on-methods="lateefCodingScripts.CommentNumberCheck.login" finished-at="2013-12-06T12:00:50Z">
          <reporter-output>
          </reporter-output>
        </test-method> <!-- navigateToTargetLink -->
      </class> <!-- lateefCodingScripts.CommentNumberCheck -->
    </test> <!-- CommentTest -->
  </suite> <!-- Suite1 -->
</testng-results>
